TN:
SF:src\services\CreateUserService.ts
FN:15,(anonymous_18)
FN:16,CreateUserService
FN:21,(anonymous_20)
FNF:3
FNH:3
FNDA:3,(anonymous_18)
FNDA:9,CreateUserService
FNDA:6,(anonymous_20)
DA:1,3
DA:2,3
DA:5,3
DA:6,3
DA:15,3
DA:18,9
DA:21,6
DA:22,6
DA:23,6
DA:24,1
DA:27,5
DA:28,5
DA:30,5
DA:36,5
DA:38,3
LF:15
LH:15
BRDA:22,0,0,6
BRDA:23,1,0,1
BRDA:23,1,1,5
BRF:3
BRH:3
end_of_record
TN:
SF:src\services\ShowUserService.ts
FN:9,(anonymous_18)
FN:10,ShowUserService
FN:15,(anonymous_20)
FNF:3
FNH:3
FNDA:1,(anonymous_18)
FNDA:3,ShowUserService
FNDA:3,(anonymous_20)
DA:1,1
DA:2,1
DA:5,1
DA:9,1
DA:12,3
DA:15,1
DA:16,3
DA:18,3
DA:19,1
DA:22,2
DA:24,2
DA:30,2
DA:31,2
DA:33,2
DA:35,1
LF:15
LH:15
BRDA:16,0,0,3
BRDA:18,1,0,1
BRDA:18,1,1,2
BRF:3
BRH:3
end_of_record
TN:
SF:src\services\UpdateUserService.ts
FN:8,(anonymous_18)
FN:9,UpdateUserService
FN:14,(anonymous_20)
FNF:3
FNH:3
FNDA:1,(anonymous_18)
FNDA:3,UpdateUserService
FNDA:3,(anonymous_20)
DA:4,1
DA:5,1
DA:8,1
DA:11,3
DA:14,1
DA:15,3
DA:16,3
DA:17,3
DA:18,3
DA:20,3
DA:21,3
DA:23,3
DA:24,1
DA:27,2
DA:28,1
DA:31,1
DA:32,1
DA:33,1
DA:35,1
DA:37,1
LF:20
LH:20
BRDA:20,0,0,3
BRDA:23,1,0,1
BRDA:23,1,1,2
BRDA:27,2,0,1
BRDA:27,2,1,1
BRDA:27,3,0,2
BRDA:27,3,1,1
BRF:7
BRH:7
end_of_record
