TN:
SF:src\services\CreateUserService.ts
FN:15,(anonymous_18)
FN:16,CreateUserService
FN:21,(anonymous_20)
FNF:3
FNH:3
FNDA:3,(anonymous_18)
FNDA:12,CreateUserService
FNDA:12,(anonymous_20)
DA:1,3
DA:2,3
DA:5,3
DA:6,3
DA:15,3
DA:18,12
DA:21,12
DA:22,12
DA:23,12
DA:24,1
DA:27,11
DA:28,11
DA:30,11
DA:36,11
DA:38,3
LF:15
LH:15
BRDA:22,0,0,12
BRDA:23,1,0,1
BRDA:23,1,1,11
BRF:3
BRH:3
end_of_record
TN:
SF:src\services\ShowUserService.ts
FN:9,(anonymous_18)
FN:10,ShowUserService
FN:15,(anonymous_20)
FNF:3
FNH:3
FNDA:1,(anonymous_18)
FNDA:3,ShowUserService
FNDA:3,(anonymous_20)
DA:1,1
DA:2,1
DA:5,1
DA:9,1
DA:12,3
DA:15,1
DA:16,3
DA:18,3
DA:19,1
DA:22,2
DA:24,2
DA:30,2
DA:32,2
DA:34,1
LF:14
LH:14
BRDA:16,0,0,3
BRDA:18,1,0,1
BRDA:18,1,1,2
BRF:3
BRH:3
end_of_record
TN:
SF:src\services\UpdateUserService.ts
FN:10,(anonymous_18)
FN:11,UpdateUserService
FN:16,(anonymous_20)
FNF:3
FNH:3
FNDA:1,(anonymous_18)
FNDA:6,UpdateUserService
FNDA:6,(anonymous_20)
DA:1,1
DA:6,1
DA:7,1
DA:10,1
DA:13,6
DA:16,1
DA:17,6
DA:18,6
DA:19,6
DA:20,6
DA:21,6
DA:23,6
DA:24,6
DA:26,6
DA:27,1
DA:30,5
DA:31,1
DA:34,4
DA:35,1
DA:38,3
DA:39,4
DA:40,2
DA:45,2
DA:46,1
DA:49,1
DA:50,1
DA:51,1
DA:52,1
DA:54,1
DA:55,1
DA:58,2
DA:60,1
LF:32
LH:32
BRDA:23,0,0,6
BRDA:23,0,1,2
BRDA:26,1,0,1
BRDA:26,1,1,5
BRDA:30,2,0,1
BRDA:30,2,1,4
BRDA:30,3,0,5
BRDA:30,3,1,1
BRDA:34,4,0,1
BRDA:34,4,1,3
BRDA:34,5,0,4
BRDA:34,5,1,3
BRDA:39,6,0,1
BRDA:39,6,1,2
BRDA:39,7,0,3
BRDA:39,7,1,2
BRDA:45,8,0,1
BRDA:45,8,1,1
BRF:18
BRH:18
end_of_record
